::1 - - [21/Nov/2025:06:51:43 +0000] "POST /auth/register HTTP/1.1" 404 153 "-" "PostmanRuntime/7.49.1"
::1 - - [21/Nov/2025:06:52:22 +0000] "POST /auth/register HTTP/1.1" 404 153 "-" "PostmanRuntime/7.49.1"
::1 - - [21/Nov/2025:06:54:09 +0000] "POST /api/auth/register HTTP/1.1" 401 26 "-" "PostmanRuntime/7.49.1"
::1 - - [21/Nov/2025:06:54:48 +0000] "POST /api/auth/register HTTP/1.1" 500 51 "-" "PostmanRuntime/7.49.1"
::1 - - [21/Nov/2025:06:57:14 +0000] "POST /api/auth/register HTTP/1.1" 500 51 "-" "PostmanRuntime/7.49.1"
::1 - - [21/Nov/2025:06:57:48 +0000] "POST /api/auth/register HTTP/1.1" 500 51 "-" "PostmanRuntime/7.49.1"
::1 - - [21/Nov/2025:07:00:24 +0000] "POST /api/auth/register HTTP/1.1" 500 51 "-" "PostmanRuntime/7.49.1"
::1 - - [21/Nov/2025:07:01:46 +0000] "POST /api/auth/register HTTP/1.1" 201 365 "-" "PostmanRuntime/7.49.1"
::1 - - [21/Nov/2025:07:04:27 +0000] "GET /api/auth/register HTTP/1.1" 404 156 "-" "PostmanRuntime/7.49.1"
::1 - - [21/Nov/2025:07:04:42 +0000] "POST /api/auth/login HTTP/1.1" 200 365 "-" "PostmanRuntime/7.49.1"
::1 - - [21/Nov/2025:08:22:14 +0000] "POST /api/auth/register HTTP/1.1" 201 366 "-" "PostmanRuntime/7.49.1"
::1 - - [21/Nov/2025:08:33:58 +0000] "POST /api/auth/login HTTP/1.1" 200 366 "-" "PostmanRuntime/7.49.1"
::1 - - [24/Nov/2025:14:34:35 +0000] "GET /api/task HTTP/1.1" 200 26 "-" "PostmanRuntime/7.49.1"
::1 - - [24/Nov/2025:14:35:24 +0000] "GET /api/task HTTP/1.1" 200 26 "-" "PostmanRuntime/7.49.1"
::1 - - [24/Nov/2025:14:35:35 +0000] "GET /api/task HTTP/1.1" 200 26 "-" "PostmanRuntime/7.49.1"
::1 - - [24/Nov/2025:14:36:04 +0000] "GET /api/task HTTP/1.1" 200 26 "-" "PostmanRuntime/7.49.1"
::1 - - [24/Nov/2025:14:38:00 +0000] "GET /api/task HTTP/1.1" 200 26 "-" "PostmanRuntime/7.49.1"
::1 - - [24/Nov/2025:14:38:04 +0000] "GET /api/task HTTP/1.1" 200 26 "-" "PostmanRuntime/7.49.1"
::1 - - [24/Nov/2025:14:40:36 +0000] "GET /api/task HTTP/1.1" 200 26 "-" "PostmanRuntime/7.49.1"
::1 - - [24/Nov/2025:14:41:10 +0000] "GET /api/task HTTP/1.1" 200 26 "-" "PostmanRuntime/7.49.1"
::1 - - [24/Nov/2025:14:41:29 +0000] "GET /api/task HTTP/1.1" 200 26 "-" "PostmanRuntime/7.49.1"
::1 - - [24/Nov/2025:14:42:15 +0000] "GET /api/task HTTP/1.1" 200 26 "-" "PostmanRuntime/7.49.1"
::1 - - [24/Nov/2025:14:44:21 +0000] "GET /api/task/ HTTP/1.1" 401 26 "-" "PostmanRuntime/7.49.1"
::1 - - [24/Nov/2025:14:44:57 +0000] "GET /api/task/ HTTP/1.1" 200 26 "-" "PostmanRuntime/7.49.1"
::1 - - [24/Nov/2025:14:45:43 +0000] "POST /api/task/ HTTP/1.1" 401 42 "-" "PostmanRuntime/7.49.1"
::1 - - [24/Nov/2025:14:46:00 +0000] "POST /api/auth/login HTTP/1.1" 200 366 "-" "PostmanRuntime/7.49.1"
::1 - - [24/Nov/2025:14:46:33 +0000] "POST /api/task/ HTTP/1.1" 401 42 "-" "PostmanRuntime/7.49.1"
::1 - - [24/Nov/2025:14:50:11 +0000] "POST /api/task/ HTTP/1.1" 401 42 "-" "PostmanRuntime/7.49.1"
::1 - - [24/Nov/2025:14:50:48 +0000] "POST /api/task/ HTTP/1.1" 401 42 "-" "PostmanRuntime/7.49.1"
::1 - - [24/Nov/2025:14:52:01 +0000] "POST /api/task/ HTTP/1.1" 401 42 "-" "PostmanRuntime/7.49.1"
::1 - - [24/Nov/2025:14:52:05 +0000] "POST /api/task/ HTTP/1.1" 401 42 "-" "PostmanRuntime/7.49.1"
::1 - - [24/Nov/2025:14:52:10 +0000] "GET /api/task HTTP/1.1" 401 26 "-" "PostmanRuntime/7.49.1"
::1 - - [24/Nov/2025:14:55:11 +0000] "GET /api/task HTTP/1.1" 200 26 "-" "PostmanRuntime/7.49.1"
::1 - - [24/Nov/2025:14:55:16 +0000] "POST /api/task/ HTTP/1.1" 401 26 "-" "PostmanRuntime/7.49.1"
::1 - - [24/Nov/2025:14:55:30 +0000] "POST /api/task HTTP/1.1" 401 42 "-" "PostmanRuntime/7.49.1"
::1 - - [24/Nov/2025:14:55:59 +0000] "POST /api/task HTTP/1.1" 401 42 "-" "PostmanRuntime/7.49.1"
::1 - - [24/Nov/2025:14:56:23 +0000] "POST /api/task HTTP/1.1" 401 42 "-" "PostmanRuntime/7.49.1"
::1 - - [24/Nov/2025:14:59:26 +0000] "POST /api/task HTTP/1.1" 401 42 "-" "PostmanRuntime/7.49.1"
::1 - - [24/Nov/2025:15:00:11 +0000] "POST /api/task HTTP/1.1" 401 42 "-" "PostmanRuntime/7.49.1"
::1 - - [24/Nov/2025:15:00:26 +0000] "POST /api/task HTTP/1.1" 401 42 "-" "PostmanRuntime/7.49.1"
::1 - - [24/Nov/2025:15:01:05 +0000] "POST /api/auth/login HTTP/1.1" 200 366 "-" "PostmanRuntime/7.49.1"
::1 - - [24/Nov/2025:15:01:35 +0000] "POST /api/task HTTP/1.1" 401 42 "-" "PostmanRuntime/7.49.1"
::1 - - [24/Nov/2025:15:03:34 +0000] "POST /api/task HTTP/1.1" 401 42 "-" "PostmanRuntime/7.49.1"
::1 - - [24/Nov/2025:15:03:55 +0000] "POST /api/task/ HTTP/1.1" 401 42 "-" "PostmanRuntime/7.49.1"
::1 - - [24/Nov/2025:15:04:42 +0000] "POST /api/task/ HTTP/1.1" 401 42 "-" "PostmanRuntime/7.49.1"
::1 - - [24/Nov/2025:15:06:27 +0000] "POST /api/auth/login HTTP/1.1" 401 45 "-" "PostmanRuntime/7.49.1"
::1 - - [24/Nov/2025:15:06:39 +0000] "POST /api/auth/login HTTP/1.1" 401 26 "-" "PostmanRuntime/7.49.1"
::1 - - [24/Nov/2025:15:06:58 +0000] "POST /api/auth/login HTTP/1.1" 401 26 "-" "PostmanRuntime/7.49.1"
::1 - - [24/Nov/2025:15:07:18 +0000] "POST /api/auth/login HTTP/1.1" 200 366 "-" "PostmanRuntime/7.49.1"
::1 - - [24/Nov/2025:15:07:42 +0000] "POST /api/task/ HTTP/1.1" 401 42 "-" "PostmanRuntime/7.49.1"
::1 - - [24/Nov/2025:15:08:08 +0000] "POST /api/task/ HTTP/1.1" 401 42 "-" "PostmanRuntime/7.49.1"
::1 - - [24/Nov/2025:15:09:04 +0000] "GET /api/task HTTP/1.1" 401 26 "-" "PostmanRuntime/7.49.1"
::1 - - [24/Nov/2025:15:09:58 +0000] "GET /api/task/ HTTP/1.1" 200 26 "-" "PostmanRuntime/7.49.1"
::1 - - [24/Nov/2025:15:10:05 +0000] "POST /api/task/ HTTP/1.1" 401 42 "-" "PostmanRuntime/7.49.1"
::1 - - [24/Nov/2025:15:10:10 +0000] "POST /api/task HTTP/1.1" 401 26 "-" "PostmanRuntime/7.49.1"
::1 - - [24/Nov/2025:15:12:53 +0000] "POST /api/auth/login HTTP/1.1" 200 366 "-" "PostmanRuntime/7.49.1"
::1 - - [24/Nov/2025:15:13:47 +0000] "POST /api/task HTTP/1.1" 500 818 "-" "PostmanRuntime/7.49.1"
::1 - - [24/Nov/2025:15:14:25 +0000] "POST /api/task HTTP/1.1" 401 45 "-" "PostmanRuntime/7.49.1"
::1 - - [24/Nov/2025:15:14:30 +0000] "POST /api/task HTTP/1.1" 401 45 "-" "PostmanRuntime/7.49.1"
::1 - - [24/Nov/2025:15:14:37 +0000] "POST /api/auth/login HTTP/1.1" 200 366 "-" "PostmanRuntime/7.49.1"
::1 - - [24/Nov/2025:15:15:08 +0000] "POST /api/task HTTP/1.1" 500 822 "-" "PostmanRuntime/7.49.1"
::1 - - [24/Nov/2025:15:16:32 +0000] "POST /api/auth/login HTTP/1.1" 200 366 "-" "PostmanRuntime/7.49.1"
::1 - - [24/Nov/2025:15:16:53 +0000] "POST /api/task HTTP/1.1" 201 427 "-" "PostmanRuntime/7.49.1"
::1 - - [24/Nov/2025:15:17:12 +0000] "GET /api/task/ HTTP/1.1" 401 26 "-" "PostmanRuntime/7.49.1"
::1 - - [24/Nov/2025:15:17:34 +0000] "GET /api/task/ HTTP/1.1" 200 26 "-" "PostmanRuntime/7.49.1"
::1 - - [24/Nov/2025:15:18:36 +0000] "POST /api/auth/login HTTP/1.1" 200 366 "-" "PostmanRuntime/7.49.1"
::1 - - [24/Nov/2025:15:18:39 +0000] "POST /api/auth/login HTTP/1.1" 200 366 "-" "PostmanRuntime/7.49.1"
::1 - - [24/Nov/2025:15:18:55 +0000] "GET /api/task/ HTTP/1.1" 200 26 "-" "PostmanRuntime/7.49.1"
::1 - - [24/Nov/2025:15:19:24 +0000] "POST /api/task HTTP/1.1" 201 427 "-" "PostmanRuntime/7.49.1"
::1 - - [24/Nov/2025:15:20:28 +0000] "GET /api/task/ HTTP/1.1" 401 45 "-" "PostmanRuntime/7.49.1"
::1 - - [24/Nov/2025:15:20:32 +0000] "POST /api/auth/login HTTP/1.1" 200 366 "-" "PostmanRuntime/7.49.1"
::1 - - [24/Nov/2025:15:20:52 +0000] "GET /api/task/ HTTP/1.1" 200 833 "-" "PostmanRuntime/7.49.1"
::1 - - [24/Nov/2025:15:26:12 +0000] "GET /api/task/6924777b51246ec8594cf5fd HTTP/1.1" 401 45 "-" "PostmanRuntime/7.49.1"
::1 - - [24/Nov/2025:15:26:27 +0000] "POST /api/auth/login HTTP/1.1" 200 366 "-" "PostmanRuntime/7.49.1"
::1 - - [24/Nov/2025:15:26:56 +0000] "GET /api/task/6924777b51246ec8594cf5fd? HTTP/1.1" 404 44 "-" "PostmanRuntime/7.49.1"
::1 - - [24/Nov/2025:15:27:14 +0000] "GET /api/task/6924777b51246ec8594cf5fd HTTP/1.1" 404 44 "-" "PostmanRuntime/7.49.1"
::1 - - [24/Nov/2025:15:27:37 +0000] "DELETE /api/task/6924777b51246ec8594cf5fd HTTP/1.1" 200 427 "-" "PostmanRuntime/7.49.1"
::1 - - [25/Nov/2025:15:51:56 +0000] "POST /api/nlp/detect-intent HTTP/1.1" 200 49 "-" "PostmanRuntime/7.49.1"
::1 - - [26/Nov/2025:04:11:42 +0000] "POST /api/nlp/detect-intent HTTP/1.1" 200 37 "-" "PostmanRuntime/7.49.1"
::1 - - [26/Nov/2025:04:14:17 +0000] "POST /api/nlp/detect-intent HTTP/1.1" 200 37 "-" "PostmanRuntime/7.49.1"
::1 - - [26/Nov/2025:04:19:53 +0000] "POST /api/nlp/detect-intent HTTP/1.1" 200 37 "-" "PostmanRuntime/7.49.1"
::1 - - [26/Nov/2025:04:22:28 +0000] "POST /api/nlp/detect-intent HTTP/1.1" 200 37 "-" "PostmanRuntime/7.49.1"
::1 - - [26/Nov/2025:04:24:41 +0000] "POST /api/nlp/detect-intent HTTP/1.1" 200 37 "-" "PostmanRuntime/7.49.1"
::1 - - [26/Nov/2025:04:25:27 +0000] "POST /api/nlp/detect-intent HTTP/1.1" 200 37 "-" "PostmanRuntime/7.49.1"
::1 - - [26/Nov/2025:04:26:06 +0000] "POST /api/nlp/detect-intent HTTP/1.1" 200 37 "-" "PostmanRuntime/7.49.1"
::1 - - [26/Nov/2025:04:35:35 +0000] "POST /api/nlp/detect-intent HTTP/1.1" 200 37 "-" "PostmanRuntime/7.49.1"
::1 - - [26/Nov/2025:04:44:26 +0000] "POST /api/nlp/detect-intent HTTP/1.1" 200 37 "-" "PostmanRuntime/7.49.1"
::1 - - [26/Nov/2025:04:45:05 +0000] "POST /api/nlp/detect-intent HTTP/1.1" 200 37 "-" "PostmanRuntime/7.49.1"
::1 - - [26/Nov/2025:04:45:55 +0000] "POST /api/nlp/detect-intent HTTP/1.1" 200 37 "-" "PostmanRuntime/7.49.1"
::1 - - [26/Nov/2025:04:48:06 +0000] "POST /api/nlp/detect-intent HTTP/1.1" 200 37 "-" "PostmanRuntime/7.49.1"
::1 - - [26/Nov/2025:04:52:03 +0000] "POST /api/nlp/detect-intent HTTP/1.1" 200 37 "-" "PostmanRuntime/7.49.1"
::1 - - [02/Dec/2025:15:12:08 +0000] "POST /api/nlp/detect-intent HTTP/1.1" 200 560 "-" "PostmanRuntime/7.49.1"
::1 - - [02/Dec/2025:15:16:08 +0000] "POST /api/nlp/detect-intent HTTP/1.1" 200 526 "-" "PostmanRuntime/7.49.1"
::1 - - [02/Dec/2025:15:16:56 +0000] "POST /api/nlp/detect-intent HTTP/1.1" 200 528 "-" "PostmanRuntime/7.49.1"
::1 - - [02/Dec/2025:15:17:43 +0000] "POST /api/nlp/detect-intent HTTP/1.1" 200 374 "-" "PostmanRuntime/7.49.1"
::1 - - [03/Dec/2025:14:36:40 +0000] "POST /api/nlp/detect-intent HTTP/1.1" 200 579 "-" "PostmanRuntime/7.49.1"
::1 - - [03/Dec/2025:14:37:01 +0000] "POST /api/nlp/detect-intent HTTP/1.1" 200 577 "-" "PostmanRuntime/7.49.1"
::1 - - [04/Dec/2025:15:25:29 +0000] "POST /api/nlp/detect-intent HTTP/1.1" 500 51 "-" "PostmanRuntime/7.49.1"
::1 - - [07/Dec/2025:13:27:11 +0000] "POST /api/nlp/detect-intent HTTP/1.1" 500 51 "-" "PostmanRuntime/7.49.1"
::1 - - [07/Dec/2025:13:32:13 +0000] "POST /api/nlp/detect-intent HTTP/1.1" 500 51 "-" "PostmanRuntime/7.49.1"
::1 - - [07/Dec/2025:13:35:55 +0000] "POST /api/nlp/detect-intent HTTP/1.1" 200 695 "-" "PostmanRuntime/7.49.1"
::1 - - [07/Dec/2025:14:10:47 +0000] "POST /api/nlp/detect-intent HTTP/1.1" 200 731 "-" "PostmanRuntime/7.49.1"
::1 - - [07/Dec/2025:14:14:20 +0000] "POST /api/auth/login HTTP/1.1" 200 366 "-" "PostmanRuntime/7.49.1"
::1 - - [07/Dec/2025:14:16:05 +0000] "POST /api/nlp/detect-intent HTTP/1.1" 401 45 "-" "PostmanRuntime/7.49.1"
::1 - - [07/Dec/2025:14:16:53 +0000] "POST /api/auth/login HTTP/1.1" 200 366 "-" "PostmanRuntime/7.49.1"
::1 - - [07/Dec/2025:14:17:15 +0000] "POST /api/nlp/detect-intent HTTP/1.1" 200 1096 "-" "PostmanRuntime/7.49.1"
::1 - - [07/Dec/2025:14:23:27 +0000] "POST /api/nlp/detect-intent HTTP/1.1" 200 620 "-" "PostmanRuntime/7.49.1"
::1 - - [07/Dec/2025:14:26:05 +0000] "POST /api/nlp/detect-intent HTTP/1.1" 200 636 "-" "PostmanRuntime/7.49.1"
::1 - - [07/Dec/2025:14:27:53 +0000] "POST /api/nlp/detect-intent HTTP/1.1" 200 636 "-" "PostmanRuntime/7.49.1"
::1 - - [07/Dec/2025:14:30:54 +0000] "POST /api/nlp/detect-intent HTTP/1.1" 200 636 "-" "PostmanRuntime/7.49.1"
::1 - - [07/Dec/2025:14:35:22 +0000] "POST /api/auth/login HTTP/1.1" 200 366 "-" "PostmanRuntime/7.49.1"
::1 - - [07/Dec/2025:14:35:39 +0000] "POST /api/nlp/detect-intent HTTP/1.1" 200 624 "-" "PostmanRuntime/7.49.1"
::1 - - [07/Dec/2025:14:36:03 +0000] "POST /api/auth/login HTTP/1.1" 200 366 "-" "PostmanRuntime/7.49.1"
::1 - - [07/Dec/2025:14:36:39 +0000] "POST /api/nlp/detect-intent HTTP/1.1" 200 1238 "-" "PostmanRuntime/7.49.1"
